<?xml version="1.0" encoding="UTF-8"?>
<!-- Generated by org.testng.reporters.JUnitReportReporter -->
<testsuite hostname="LAPTOP-E0NT1CNI" failures="0" tests="1" name="com.tests.One_Way_Booking_Test" time="24.690" errors="0" timestamp="2022-05-08T09:42:57 IST" skipped="0">
  <testcase classname="com.tests.One_Way_Booking_Test" name="BookTickets" time="24.690"/>
  <system-out/>
</testsuite> <!-- com.tests.One_Way_Booking_Test -->
