<?xml version="1.0" encoding="UTF-8"?>
<!-- Generated by org.testng.reporters.JUnitReportReporter -->
<testsuite hostname="LAPTOP-E0NT1CNI" failures="0" tests="1" name="com.tests.To_Station_Modification_Test" time="56.517" errors="0" timestamp="2022-05-08T09:42:12 IST" skipped="0">
  <testcase classname="com.tests.To_Station_Modification_Test" name="Modify_To_Station_And_Verify_The_OperatorList" time="56.517"/>
  <system-out/>
</testsuite> <!-- com.tests.To_Station_Modification_Test -->
