<?xml version="1.0" encoding="UTF-8"?>
<!-- Generated by org.testng.reporters.JUnitReportReporter -->
<testsuite hostname="LAPTOP-E0NT1CNI" failures="0" tests="1" name="com.tests.Verify_Bus_Modify_Search_Test" time="46.087" errors="0" timestamp="2022-05-09T07:53:10 IST" skipped="0">
  <testcase classname="com.tests.Verify_Bus_Modify_Search_Test" name="Modify_To_Station_And_Verify_The_OperatorList" time="46.087"/>
  <system-out/>
</testsuite> <!-- com.tests.Verify_Bus_Modify_Search_Test -->
