<?xml version="1.0" encoding="UTF-8"?>
<!-- Generated by org.testng.reporters.JUnitReportReporter -->
<testsuite hostname="LAPTOP-E0NT1CNI" failures="0" tests="1" name="com.tests.Bus_Booking_Test" time="27.322" errors="0" timestamp="2022-05-09T07:53:10 IST" skipped="0">
  <testcase classname="com.tests.Bus_Booking_Test" name="BookTickets" time="27.322"/>
  <system-out/>
</testsuite> <!-- com.tests.Bus_Booking_Test -->
